2021-03-30 20:52:19 [http-nio-8090-exec-1] [ERROR] c.a.board.controller.BoardController - Logger Level - [ERROR]
2021-03-30 20:52:19 [http-nio-8090-exec-1] [ERROR] c.a.board.BoardService.BoardService - Logger Level - [ERROR]
2021-03-30 20:54:39 [main] [ERROR] o.s.b.d.LoggingFailureAnalysisReporter - 

***************************
APPLICATION FAILED TO START
***************************

Description:

Web server failed to start. Port 8090 was already in use.

Action:

Identify and stop the process that's listening on port 8090 or configure this application to listen on another port.

2021-03-30 20:55:14 [http-nio-8090-exec-4] [ERROR] c.a.board.controller.BoardController - Logger Level - [ERROR]
2021-03-30 20:55:14 [http-nio-8090-exec-4] [ERROR] c.a.board.BoardService.BoardService - Logger Level - [ERROR]
2021-03-30 20:57:16 [http-nio-8091-exec-5] [ERROR] c.a.board.controller.BoardController - Logger Level - [ERROR]
2021-03-30 20:57:16 [http-nio-8091-exec-5] [ERROR] c.a.board.BoardService.BoardService - Logger Level - [ERROR]
2021-03-30 20:57:33 [http-nio-8091-exec-6] [ERROR] c.a.board.controller.BoardController - Logger Level - [ERROR]
2021-03-30 20:57:33 [http-nio-8091-exec-6] [ERROR] c.a.board.BoardService.BoardService - Logger Level - [ERROR]
2021-03-30 20:57:35 [http-nio-8091-exec-7] [ERROR] c.a.board.controller.BoardController - Logger Level - [ERROR]
2021-03-30 20:57:35 [http-nio-8091-exec-7] [ERROR] c.a.board.BoardService.BoardService - Logger Level - [ERROR]
2021-03-30 20:59:06 [http-nio-8091-exec-1] [ERROR] c.a.board.controller.BoardController - Logger Level - [ERROR]
2021-03-30 20:59:06 [http-nio-8091-exec-1] [ERROR] c.a.board.BoardService.BoardService - Logger Level - [ERROR]
2021-03-30 21:00:07 [http-nio-8091-exec-4] [ERROR] c.a.board.controller.BoardController - Logger Level - [ERROR]
2021-03-30 21:00:07 [http-nio-8091-exec-4] [ERROR] c.a.board.BoardService.BoardService - Logger Level - [ERROR]
2021-03-30 21:01:36 [http-nio-8091-exec-1] [ERROR] c.a.board.controller.BoardController - Logger Level - [ERROR]
2021-03-30 21:01:36 [http-nio-8091-exec-1] [ERROR] c.a.board.BoardService.BoardService - Logger Level - [ERROR]
