2021-03-28 04:15:04 [main] [INFO ] com.api.board.BoardApplication - Starting BoardApplication using Java 1.8.0_271 on changmins-MacBook-Pro.local with PID 2639 (/Users/cm/Desktop/Playground/Spring/Board/workspace/board/target/classes started by cm in /Users/cm/Desktop/Playground/Spring/Board/workspace/board)
2021-03-28 04:15:04 [main] [INFO ] com.api.board.BoardApplication - The following profiles are active: local
2021-03-28 04:15:04 [main] [DEBUG] org.apache.ibatis.logging.LogFactory - Logging initialized using 'class org.apache.ibatis.logging.slf4j.Slf4jImpl' adapter.
2021-03-28 04:15:04 [main] [INFO ] o.s.b.w.e.tomcat.TomcatWebServer - Tomcat initialized with port(s): 8090 (http)
2021-03-28 04:15:04 [main] [INFO ] o.a.coyote.http11.Http11NioProtocol - Initializing ProtocolHandler ["http-nio-8090"]
2021-03-28 04:15:04 [main] [INFO ] o.a.catalina.core.StandardService - Starting service [Tomcat]
2021-03-28 04:15:04 [main] [INFO ] o.a.catalina.core.StandardEngine - Starting Servlet engine: [Apache Tomcat/9.0.44]
2021-03-28 04:15:04 [main] [INFO ] o.a.c.c.C.[Tomcat].[localhost].[/] - Initializing Spring embedded WebApplicationContext
2021-03-28 04:15:04 [main] [INFO ] o.s.b.w.s.c.ServletWebServerApplicationContext - Root WebApplicationContext: initialization completed in 688 ms
2021-03-28 04:15:05 [main] [INFO ] o.s.s.c.ThreadPoolTaskExecutor - Initializing ExecutorService 'applicationTaskExecutor'
2021-03-28 04:15:05 [main] [INFO ] o.a.coyote.http11.Http11NioProtocol - Starting ProtocolHandler ["http-nio-8090"]
2021-03-28 04:15:05 [main] [INFO ] o.s.b.w.e.tomcat.TomcatWebServer - Tomcat started on port(s): 8090 (http) with context path ''
2021-03-28 04:15:05 [main] [INFO ] com.api.board.BoardApplication - Started BoardApplication in 1.536 seconds (JVM running for 1.921)
2021-03-28 04:15:43 [http-nio-8090-exec-1] [INFO ] o.a.c.c.C.[Tomcat].[localhost].[/] - Initializing Spring DispatcherServlet 'dispatcherServlet'
2021-03-28 04:15:43 [http-nio-8090-exec-1] [INFO ] o.s.web.servlet.DispatcherServlet - Initializing Servlet 'dispatcherServlet'
2021-03-28 04:15:43 [http-nio-8090-exec-1] [INFO ] o.s.web.servlet.DispatcherServlet - Completed initialization in 1 ms
2021-03-28 04:15:43 [http-nio-8090-exec-1] [INFO ] c.a.board.controller.BoardController - ===== ===== ===== logging.level.com.api.board.controller - Logger Level ===== ===== =====
2021-03-28 04:15:43 [http-nio-8090-exec-1] [DEBUG] c.a.board.controller.BoardController - Logger Level - [DEBUG]
2021-03-28 04:15:43 [http-nio-8090-exec-1] [INFO ] c.a.board.controller.BoardController - Logger Level - [INFO]
2021-03-28 04:15:43 [http-nio-8090-exec-1] [WARN ] c.a.board.controller.BoardController - Logger Level - [WARN]
2021-03-28 04:15:43 [http-nio-8090-exec-1] [ERROR] c.a.board.controller.BoardController - Logger Level - [ERROR]
2021-03-28 04:15:43 [http-nio-8090-exec-1] [INFO ] c.a.board.controller.BoardController - ===== ===== ===== logging.level.com.api.board.controller - Logger Level ===== ===== =====
2021-03-28 04:15:43 [http-nio-8090-exec-1] [INFO ] c.a.board.BoardService.BoardService - ===== ===== ===== logging.level.com.api.board - Logger Level ===== ===== =====
2021-03-28 04:15:43 [http-nio-8090-exec-1] [INFO ] c.a.board.BoardService.BoardService - Logger Level - [INFO]
2021-03-28 04:15:43 [http-nio-8090-exec-1] [WARN ] c.a.board.BoardService.BoardService - Logger Level - [WARN]
2021-03-28 04:15:43 [http-nio-8090-exec-1] [ERROR] c.a.board.BoardService.BoardService - Logger Level - [ERROR]
2021-03-28 04:15:43 [http-nio-8090-exec-1] [INFO ] c.a.board.BoardService.BoardService - ===== ===== ===== logging.level.com.api.board - Logger Level ===== ===== =====
2021-03-28 04:15:43 [http-nio-8090-exec-1] [INFO ] com.zaxxer.hikari.HikariDataSource - HikariPool-1 - Starting...
2021-03-28 04:15:43 [http-nio-8090-exec-1] [INFO ] com.zaxxer.hikari.HikariDataSource - HikariPool-1 - Start completed.
2021-03-28 04:22:23 [main] [INFO ] com.api.board.BoardApplication - Starting BoardApplication using Java 1.8.0_271 on changmins-MacBook-Pro.local with PID 2693 (/Users/cm/Desktop/Playground/Spring/Board/workspace/board/target/classes started by cm in /Users/cm/Desktop/Playground/Spring/Board/workspace/board)
2021-03-28 04:22:23 [main] [INFO ] com.api.board.BoardApplication - The following profiles are active: local
2021-03-28 04:22:24 [main] [DEBUG] org.apache.ibatis.logging.LogFactory - Logging initialized using 'class org.apache.ibatis.logging.slf4j.Slf4jImpl' adapter.
2021-03-28 04:22:24 [main] [INFO ] o.s.b.w.e.tomcat.TomcatWebServer - Tomcat initialized with port(s): 8090 (http)
2021-03-28 04:22:24 [main] [INFO ] o.a.coyote.http11.Http11NioProtocol - Initializing ProtocolHandler ["http-nio-8090"]
2021-03-28 04:22:24 [main] [INFO ] o.a.catalina.core.StandardService - Starting service [Tomcat]
2021-03-28 04:22:24 [main] [INFO ] o.a.catalina.core.StandardEngine - Starting Servlet engine: [Apache Tomcat/9.0.44]
2021-03-28 04:22:24 [main] [INFO ] o.a.c.c.C.[Tomcat].[localhost].[/] - Initializing Spring embedded WebApplicationContext
2021-03-28 04:22:24 [main] [INFO ] o.s.b.w.s.c.ServletWebServerApplicationContext - Root WebApplicationContext: initialization completed in 706 ms
2021-03-28 04:22:25 [main] [INFO ] o.s.s.c.ThreadPoolTaskExecutor - Initializing ExecutorService 'applicationTaskExecutor'
2021-03-28 04:22:25 [main] [INFO ] o.a.coyote.http11.Http11NioProtocol - Starting ProtocolHandler ["http-nio-8090"]
2021-03-28 04:22:25 [main] [INFO ] o.s.b.w.e.tomcat.TomcatWebServer - Tomcat started on port(s): 8090 (http) with context path ''
2021-03-28 04:22:25 [main] [INFO ] com.api.board.BoardApplication - Started BoardApplication in 1.578 seconds (JVM running for 1.97)
2021-03-28 04:23:27 [http-nio-8090-exec-1] [INFO ] o.a.c.c.C.[Tomcat].[localhost].[/] - Initializing Spring DispatcherServlet 'dispatcherServlet'
2021-03-28 04:23:27 [http-nio-8090-exec-1] [INFO ] o.s.web.servlet.DispatcherServlet - Initializing Servlet 'dispatcherServlet'
2021-03-28 04:23:27 [http-nio-8090-exec-1] [INFO ] o.s.web.servlet.DispatcherServlet - Completed initialization in 1 ms
2021-03-28 04:23:27 [http-nio-8090-exec-1] [INFO ] c.a.board.controller.BoardController - ===== ===== ===== logging.level.com.api.board.controller - Logger Level ===== ===== =====
2021-03-28 04:23:27 [http-nio-8090-exec-1] [DEBUG] c.a.board.controller.BoardController - Logger Level - [DEBUG]
2021-03-28 04:23:27 [http-nio-8090-exec-1] [INFO ] c.a.board.controller.BoardController - Logger Level - [INFO]
2021-03-28 04:23:27 [http-nio-8090-exec-1] [WARN ] c.a.board.controller.BoardController - Logger Level - [WARN]
2021-03-28 04:23:27 [http-nio-8090-exec-1] [ERROR] c.a.board.controller.BoardController - Logger Level - [ERROR]
2021-03-28 04:23:27 [http-nio-8090-exec-1] [INFO ] c.a.board.controller.BoardController - ===== ===== ===== logging.level.com.api.board.controller - Logger Level ===== ===== =====
2021-03-28 04:23:27 [http-nio-8090-exec-1] [INFO ] c.a.board.BoardService.BoardService - ===== ===== ===== logging.level.com.api.board - Logger Level ===== ===== =====
2021-03-28 04:23:27 [http-nio-8090-exec-1] [INFO ] c.a.board.BoardService.BoardService - Logger Level - [INFO]
2021-03-28 04:23:27 [http-nio-8090-exec-1] [WARN ] c.a.board.BoardService.BoardService - Logger Level - [WARN]
2021-03-28 04:23:27 [http-nio-8090-exec-1] [ERROR] c.a.board.BoardService.BoardService - Logger Level - [ERROR]
2021-03-28 04:23:27 [http-nio-8090-exec-1] [INFO ] c.a.board.BoardService.BoardService - ===== ===== ===== logging.level.com.api.board - Logger Level ===== ===== =====
2021-03-28 04:23:27 [http-nio-8090-exec-1] [INFO ] com.zaxxer.hikari.HikariDataSource - HikariPool-1 - Starting...
2021-03-28 04:23:28 [http-nio-8090-exec-1] [INFO ] log4jdbc.log4j2 - 1. Connection opened. {executed in 162ms} 
2021-03-28 04:23:28 [http-nio-8090-exec-1] [INFO ] log4jdbc.log4j2 - 1. Connection.new Connection returned 
2021-03-28 04:23:28 [http-nio-8090-exec-1] [INFO ] log4jdbc.log4j2 - 1. Connection.getNetworkTimeout() returned 0
2021-03-28 04:23:28 [http-nio-8090-exec-1] [INFO ] log4jdbc.log4j2 - 1. Connection.isReadOnly() returned false
2021-03-28 04:23:28 [http-nio-8090-exec-1] [INFO ] log4jdbc.log4j2 - 1. Connection.getAutoCommit() returned true
2021-03-28 04:23:28 [http-nio-8090-exec-1] [INFO ] log4jdbc.log4j2 - 1. Connection.isValid(1) returned true
2021-03-28 04:23:28 [http-nio-8090-exec-1] [INFO ] log4jdbc.log4j2 - 1. Connection.getTransactionIsolation() returned 4
2021-03-28 04:23:28 [http-nio-8090-exec-1] [INFO ] com.zaxxer.hikari.HikariDataSource - HikariPool-1 - Start completed.
2021-03-28 04:23:28 [http-nio-8090-exec-1] [INFO ] log4jdbc.log4j2 - 1. Connection.getAutoCommit() returned true
2021-03-28 04:23:28 [http-nio-8090-exec-1] [INFO ] log4jdbc.log4j2 - 1. PreparedStatement.new PreparedStatement returned 
2021-03-28 04:23:28 [http-nio-8090-exec-1] [INFO ] log4jdbc.log4j2 - 1. Connection.prepareStatement(SELECT *
        FROM ( 
                SELECT BOARD_SEQ 
                     , BOARD_RE_REF 
                     , BOARD_RE_LEV 
                     , BOARD_RE_SEQ 
                     , BOARD_WRITER 
                     , BOARD_SUBJECT 
                     , BOARD_CONTENT 
                     , BOARD_HITS
                     , DEL_YN 
                     , INS_USER_ID
                     , CAST( DATE_FORMAT( INS_DATE, '%Y-%m-%d %H:%i:%s' ) AS CHAR(19) ) AS INS_DATE
                     , UPD_USER_ID
                     , CAST( DATE_FORMAT( UPD_DATE, '%Y-%m-%d %H:%i:%s' ) AS CHAR(19) ) AS UPD_DATE  
               FROM BOARD.TB_BOARD
               ORDER BY BOARD_RE_REF DESC, BOARD_RE_SEQ ASC
              ) T1) returned net.sf.log4jdbc.sql.jdbcapi.PreparedStatementSpy@230355aa
2021-03-28 04:23:28 [http-nio-8090-exec-1] [INFO ] log4jdbc.log4j2 - 1. SELECT * FROM ( SELECT BOARD_SEQ , BOARD_RE_REF , BOARD_RE_LEV , BOARD_RE_SEQ , BOARD_WRITER 
, BOARD_SUBJECT , BOARD_CONTENT , BOARD_HITS , DEL_YN , INS_USER_ID , CAST( DATE_FORMAT( INS_DATE, 
'%Y-%m-%d %H:%i:%s' ) AS CHAR(19) ) AS INS_DATE , UPD_USER_ID , CAST( DATE_FORMAT( UPD_DATE, 
'%Y-%m-%d %H:%i:%s' ) AS CHAR(19) ) AS UPD_DATE FROM BOARD.TB_BOARD ORDER BY BOARD_RE_REF DESC, 
BOARD_RE_SEQ ASC ) T1  {executed in 8 ms}
2021-03-28 04:23:28 [http-nio-8090-exec-1] [INFO ] log4jdbc.log4j2 - 1. PreparedStatement.execute() returned true
2021-03-28 04:23:28 [http-nio-8090-exec-1] [INFO ] log4jdbc.log4j2 - 1. ResultSet.new ResultSet returned 
2021-03-28 04:23:28 [http-nio-8090-exec-1] [INFO ] log4jdbc.log4j2 - 1. PreparedStatement.getResultSet() returned net.sf.log4jdbc.sql.jdbcapi.ResultSetSpy@419c2f09
2021-03-28 04:23:28 [http-nio-8090-exec-1] [INFO ] log4jdbc.log4j2 - 1. ResultSet.getMetaData() returned com.mysql.cj.jdbc.result.ResultSetMetaData@1617c5cf - Field level information: 
	com.mysql.cj.result.Field@506e250b[dbName=board,tableName=T1,originalTableName=TB_BOARD,columnName=BOARD_SEQ,originalColumnName=BOARD_SEQ,mysqlType=3(FIELD_TYPE_INT UNSIGNED),sqlType=4,flags= AUTO_INCREMENT PRIMARY_KEY UNSIGNED, charsetIndex=63, charsetName=ISO-8859-1]
	com.mysql.cj.result.Field@352aca1b[dbName=board,tableName=T1,originalTableName=TB_BOARD,columnName=BOARD_RE_REF,originalColumnName=BOARD_RE_REF,mysqlType=3(FIELD_TYPE_INT),sqlType=4,flags=, charsetIndex=63, charsetName=ISO-8859-1]
	com.mysql.cj.result.Field@5450721[dbName=board,tableName=T1,originalTableName=TB_BOARD,columnName=BOARD_RE_LEV,originalColumnName=BOARD_RE_LEV,mysqlType=3(FIELD_TYPE_INT),sqlType=4,flags=, charsetIndex=63, charsetName=ISO-8859-1]
	com.mysql.cj.result.Field@2d5483fb[dbName=board,tableName=T1,originalTableName=TB_BOARD,columnName=BOARD_RE_SEQ,originalColumnName=BOARD_RE_SEQ,mysqlType=3(FIELD_TYPE_INT),sqlType=4,flags=, charsetIndex=63, charsetName=ISO-8859-1]
	com.mysql.cj.result.Field@cb3bd27[dbName=board,tableName=T1,originalTableName=TB_BOARD,columnName=BOARD_WRITER,originalColumnName=BOARD_WRITER,mysqlType=253(FIELD_TYPE_VARCHAR),sqlType=12,flags=, charsetIndex=255, charsetName=UTF-8]
	com.mysql.cj.result.Field@6faac4b8[dbName=board,tableName=T1,originalTableName=TB_BOARD,columnName=BOARD_SUBJECT,originalColumnName=BOARD_SUBJECT,mysqlType=253(FIELD_TYPE_VARCHAR),sqlType=12,flags=, charsetIndex=255, charsetName=UTF-8]
	com.mysql.cj.result.Field@42fbaa63[dbName=board,tableName=T1,originalTableName=TB_BOARD,columnName=BOARD_CONTENT,originalColumnName=BOARD_CONTENT,mysqlType=253(FIELD_TYPE_VARCHAR),sqlType=12,flags=, charsetIndex=255, charsetName=UTF-8]
	com.mysql.cj.result.Field@4b39a29c[dbName=board,tableName=T1,originalTableName=TB_BOARD,columnName=BOARD_HITS,originalColumnName=BOARD_HITS,mysqlType=3(FIELD_TYPE_INT UNSIGNED),sqlType=4,flags= UNSIGNED, charsetIndex=63, charsetName=ISO-8859-1]
	com.mysql.cj.result.Field@5a727459[dbName=board,tableName=T1,originalTableName=TB_BOARD,columnName=DEL_YN,originalColumnName=DEL_YN,mysqlType=253(FIELD_TYPE_VARCHAR),sqlType=12,flags=, charsetIndex=255, charsetName=UTF-8]
	com.mysql.cj.result.Field@6344f4ab[dbName=board,tableName=T1,originalTableName=TB_BOARD,columnName=INS_USER_ID,originalColumnName=INS_USER_ID,mysqlType=253(FIELD_TYPE_VARCHAR),sqlType=12,flags=, charsetIndex=255, charsetName=UTF-8]
	com.mysql.cj.result.Field@7cf3f212[dbName=null,tableName=T1,originalTableName=null,columnName=INS_DATE,originalColumnName=INS_DATE,mysqlType=253(FIELD_TYPE_VARCHAR),sqlType=12,flags=, charsetIndex=255, charsetName=UTF-8]
	com.mysql.cj.result.Field@7a588252[dbName=board,tableName=T1,originalTableName=TB_BOARD,columnName=UPD_USER_ID,originalColumnName=UPD_USER_ID,mysqlType=253(FIELD_TYPE_VARCHAR),sqlType=12,flags=, charsetIndex=255, charsetName=UTF-8]
	com.mysql.cj.result.Field@3341e1fc[dbName=null,tableName=T1,originalTableName=null,columnName=UPD_DATE,originalColumnName=UPD_DATE,mysqlType=253(FIELD_TYPE_VARCHAR),sqlType=12,flags=, charsetIndex=255, charsetName=UTF-8]
2021-03-28 04:23:28 [http-nio-8090-exec-1] [INFO ] log4jdbc.log4j2 - 1. ResultSet.getType() returned 1003
2021-03-28 04:23:28 [http-nio-8090-exec-1] [INFO ] log4jdbc.log4j2 - 1. ResultSet.isClosed() returned false
2021-03-28 04:23:28 [http-nio-8090-exec-1] [INFO ] log4jdbc.log4j2 - 1. ResultSet.next() returned true
2021-03-28 04:23:28 [http-nio-8090-exec-1] [INFO ] log4jdbc.log4j2 - 1. ResultSet.getInt(BOARD_SEQ) returned 1
2021-03-28 04:23:28 [http-nio-8090-exec-1] [INFO ] log4jdbc.log4j2 - 1. ResultSet.getInt(BOARD_RE_REF) returned 0
2021-03-28 04:23:28 [http-nio-8090-exec-1] [INFO ] log4jdbc.log4j2 - 1. ResultSet.wasNull() returned false
2021-03-28 04:23:28 [http-nio-8090-exec-1] [INFO ] log4jdbc.log4j2 - 1. ResultSet.getInt(BOARD_RE_LEV) returned 0
2021-03-28 04:23:28 [http-nio-8090-exec-1] [INFO ] log4jdbc.log4j2 - 1. ResultSet.wasNull() returned false
2021-03-28 04:23:28 [http-nio-8090-exec-1] [INFO ] log4jdbc.log4j2 - 1. ResultSet.getInt(BOARD_RE_SEQ) returned 0
2021-03-28 04:23:28 [http-nio-8090-exec-1] [INFO ] log4jdbc.log4j2 - 1. ResultSet.wasNull() returned false
2021-03-28 04:23:28 [http-nio-8090-exec-1] [INFO ] log4jdbc.log4j2 - 1. ResultSet.getString(BOARD_WRITER) returned 게시글 작성자1
2021-03-28 04:23:28 [http-nio-8090-exec-1] [INFO ] log4jdbc.log4j2 - 1. ResultSet.getString(BOARD_SUBJECT) returned 게시글 제목1
2021-03-28 04:23:28 [http-nio-8090-exec-1] [INFO ] log4jdbc.log4j2 - 1. ResultSet.getString(BOARD_CONTENT) returned 게시글 내용1
2021-03-28 04:23:28 [http-nio-8090-exec-1] [INFO ] log4jdbc.log4j2 - 1. ResultSet.getInt(BOARD_HITS) returned 0
2021-03-28 04:23:28 [http-nio-8090-exec-1] [INFO ] log4jdbc.log4j2 - 1. ResultSet.wasNull() returned false
2021-03-28 04:23:28 [http-nio-8090-exec-1] [INFO ] log4jdbc.log4j2 - 1. ResultSet.getString(DEL_YN) returned N
2021-03-28 04:23:28 [http-nio-8090-exec-1] [INFO ] log4jdbc.log4j2 - 1. ResultSet.getString(INS_USER_ID) returned TEST01
2021-03-28 04:23:28 [http-nio-8090-exec-1] [INFO ] log4jdbc.log4j2 - 1. ResultSet.getString(INS_DATE) returned 2021-03-28 02:27:01
2021-03-28 04:23:28 [http-nio-8090-exec-1] [INFO ] log4jdbc.log4j2 - 1. ResultSet.getString(UPD_USER_ID) returned void
2021-03-28 04:23:28 [http-nio-8090-exec-1] [INFO ] log4jdbc.log4j2 - 1. ResultSet.getString(UPD_DATE) returned void
2021-03-28 04:23:28 [http-nio-8090-exec-1] [INFO ] log4jdbc.log4j2 - 1. ResultSet.isClosed() returned false
2021-03-28 04:23:28 [http-nio-8090-exec-1] [INFO ] log4jdbc.log4j2 - 1. ResultSet.next() returned true
2021-03-28 04:23:28 [http-nio-8090-exec-1] [INFO ] log4jdbc.log4j2 - 1. ResultSet.getInt(BOARD_SEQ) returned 2
2021-03-28 04:23:28 [http-nio-8090-exec-1] [INFO ] log4jdbc.log4j2 - 1. ResultSet.getInt(BOARD_RE_REF) returned 0
2021-03-28 04:23:28 [http-nio-8090-exec-1] [INFO ] log4jdbc.log4j2 - 1. ResultSet.wasNull() returned false
2021-03-28 04:23:28 [http-nio-8090-exec-1] [INFO ] log4jdbc.log4j2 - 1. ResultSet.getInt(BOARD_RE_LEV) returned 0
2021-03-28 04:23:28 [http-nio-8090-exec-1] [INFO ] log4jdbc.log4j2 - 1. ResultSet.wasNull() returned false
2021-03-28 04:23:28 [http-nio-8090-exec-1] [INFO ] log4jdbc.log4j2 - 1. ResultSet.getInt(BOARD_RE_SEQ) returned 0
2021-03-28 04:23:28 [http-nio-8090-exec-1] [INFO ] log4jdbc.log4j2 - 1. ResultSet.wasNull() returned false
2021-03-28 04:23:28 [http-nio-8090-exec-1] [INFO ] log4jdbc.log4j2 - 1. ResultSet.getString(BOARD_WRITER) returned 게시글 작성자2
2021-03-28 04:23:28 [http-nio-8090-exec-1] [INFO ] log4jdbc.log4j2 - 1. ResultSet.getString(BOARD_SUBJECT) returned 게시글 제목2
2021-03-28 04:23:28 [http-nio-8090-exec-1] [INFO ] log4jdbc.log4j2 - 1. ResultSet.getString(BOARD_CONTENT) returned 게시글 내용2
2021-03-28 04:23:28 [http-nio-8090-exec-1] [INFO ] log4jdbc.log4j2 - 1. ResultSet.getInt(BOARD_HITS) returned 0
2021-03-28 04:23:28 [http-nio-8090-exec-1] [INFO ] log4jdbc.log4j2 - 1. ResultSet.wasNull() returned false
2021-03-28 04:23:28 [http-nio-8090-exec-1] [INFO ] log4jdbc.log4j2 - 1. ResultSet.getString(DEL_YN) returned N
2021-03-28 04:23:28 [http-nio-8090-exec-1] [INFO ] log4jdbc.log4j2 - 1. ResultSet.getString(INS_USER_ID) returned TEST02
2021-03-28 04:23:28 [http-nio-8090-exec-1] [INFO ] log4jdbc.log4j2 - 1. ResultSet.getString(INS_DATE) returned 2021-03-28 02:27:02
2021-03-28 04:23:28 [http-nio-8090-exec-1] [INFO ] log4jdbc.log4j2 - 1. ResultSet.getString(UPD_USER_ID) returned void
2021-03-28 04:23:28 [http-nio-8090-exec-1] [INFO ] log4jdbc.log4j2 - 1. ResultSet.getString(UPD_DATE) returned void
2021-03-28 04:23:28 [http-nio-8090-exec-1] [INFO ] log4jdbc.log4j2 - 1. ResultSet.isClosed() returned false
2021-03-28 04:23:28 [http-nio-8090-exec-1] [INFO ] log4jdbc.log4j2 - 1. ResultSet.next() returned true
2021-03-28 04:23:28 [http-nio-8090-exec-1] [INFO ] log4jdbc.log4j2 - 1. ResultSet.getInt(BOARD_SEQ) returned 3
2021-03-28 04:23:28 [http-nio-8090-exec-1] [INFO ] log4jdbc.log4j2 - 1. ResultSet.getInt(BOARD_RE_REF) returned 0
2021-03-28 04:23:28 [http-nio-8090-exec-1] [INFO ] log4jdbc.log4j2 - 1. ResultSet.wasNull() returned false
2021-03-28 04:23:28 [http-nio-8090-exec-1] [INFO ] log4jdbc.log4j2 - 1. ResultSet.getInt(BOARD_RE_LEV) returned 0
2021-03-28 04:23:28 [http-nio-8090-exec-1] [INFO ] log4jdbc.log4j2 - 1. ResultSet.wasNull() returned false
2021-03-28 04:23:28 [http-nio-8090-exec-1] [INFO ] log4jdbc.log4j2 - 1. ResultSet.getInt(BOARD_RE_SEQ) returned 0
2021-03-28 04:23:28 [http-nio-8090-exec-1] [INFO ] log4jdbc.log4j2 - 1. ResultSet.wasNull() returned false
2021-03-28 04:23:28 [http-nio-8090-exec-1] [INFO ] log4jdbc.log4j2 - 1. ResultSet.getString(BOARD_WRITER) returned 게시글 작성자3
2021-03-28 04:23:28 [http-nio-8090-exec-1] [INFO ] log4jdbc.log4j2 - 1. ResultSet.getString(BOARD_SUBJECT) returned 게시글 제목3
2021-03-28 04:23:28 [http-nio-8090-exec-1] [INFO ] log4jdbc.log4j2 - 1. ResultSet.getString(BOARD_CONTENT) returned 게시글 내용3
2021-03-28 04:23:28 [http-nio-8090-exec-1] [INFO ] log4jdbc.log4j2 - 1. ResultSet.getInt(BOARD_HITS) returned 0
2021-03-28 04:23:28 [http-nio-8090-exec-1] [INFO ] log4jdbc.log4j2 - 1. ResultSet.wasNull() returned false
2021-03-28 04:23:28 [http-nio-8090-exec-1] [INFO ] log4jdbc.log4j2 - 1. ResultSet.getString(DEL_YN) returned N
2021-03-28 04:23:28 [http-nio-8090-exec-1] [INFO ] log4jdbc.log4j2 - 1. ResultSet.getString(INS_USER_ID) returned TEST03
2021-03-28 04:23:28 [http-nio-8090-exec-1] [INFO ] log4jdbc.log4j2 - 1. ResultSet.getString(INS_DATE) returned 2021-03-28 02:27:03
2021-03-28 04:23:28 [http-nio-8090-exec-1] [INFO ] log4jdbc.log4j2 - 1. ResultSet.getString(UPD_USER_ID) returned void
2021-03-28 04:23:28 [http-nio-8090-exec-1] [INFO ] log4jdbc.log4j2 - 1. ResultSet.getString(UPD_DATE) returned void
2021-03-28 04:23:28 [http-nio-8090-exec-1] [INFO ] log4jdbc.log4j2 - 1. ResultSet.isClosed() returned false
2021-03-28 04:23:28 [http-nio-8090-exec-1] [INFO ] log4jdbc.log4j2 - 1. ResultSet.next() returned true
2021-03-28 04:23:28 [http-nio-8090-exec-1] [INFO ] log4jdbc.log4j2 - 1. ResultSet.getInt(BOARD_SEQ) returned 4
2021-03-28 04:23:28 [http-nio-8090-exec-1] [INFO ] log4jdbc.log4j2 - 1. ResultSet.getInt(BOARD_RE_REF) returned 0
2021-03-28 04:23:28 [http-nio-8090-exec-1] [INFO ] log4jdbc.log4j2 - 1. ResultSet.wasNull() returned false
2021-03-28 04:23:28 [http-nio-8090-exec-1] [INFO ] log4jdbc.log4j2 - 1. ResultSet.getInt(BOARD_RE_LEV) returned 0
2021-03-28 04:23:28 [http-nio-8090-exec-1] [INFO ] log4jdbc.log4j2 - 1. ResultSet.wasNull() returned false
2021-03-28 04:23:28 [http-nio-8090-exec-1] [INFO ] log4jdbc.log4j2 - 1. ResultSet.getInt(BOARD_RE_SEQ) returned 0
2021-03-28 04:23:28 [http-nio-8090-exec-1] [INFO ] log4jdbc.log4j2 - 1. ResultSet.wasNull() returned false
2021-03-28 04:23:28 [http-nio-8090-exec-1] [INFO ] log4jdbc.log4j2 - 1. ResultSet.getString(BOARD_WRITER) returned 게시글 작성자4
2021-03-28 04:23:28 [http-nio-8090-exec-1] [INFO ] log4jdbc.log4j2 - 1. ResultSet.getString(BOARD_SUBJECT) returned 게시글 제목4
2021-03-28 04:23:28 [http-nio-8090-exec-1] [INFO ] log4jdbc.log4j2 - 1. ResultSet.getString(BOARD_CONTENT) returned 게시글 내용4
2021-03-28 04:23:28 [http-nio-8090-exec-1] [INFO ] log4jdbc.log4j2 - 1. ResultSet.getInt(BOARD_HITS) returned 0
2021-03-28 04:23:28 [http-nio-8090-exec-1] [INFO ] log4jdbc.log4j2 - 1. ResultSet.wasNull() returned false
2021-03-28 04:23:28 [http-nio-8090-exec-1] [INFO ] log4jdbc.log4j2 - 1. ResultSet.getString(DEL_YN) returned N
2021-03-28 04:23:28 [http-nio-8090-exec-1] [INFO ] log4jdbc.log4j2 - 1. ResultSet.getString(INS_USER_ID) returned TEST04
2021-03-28 04:23:28 [http-nio-8090-exec-1] [INFO ] log4jdbc.log4j2 - 1. ResultSet.getString(INS_DATE) returned 2021-03-28 02:27:04
2021-03-28 04:23:28 [http-nio-8090-exec-1] [INFO ] log4jdbc.log4j2 - 1. ResultSet.getString(UPD_USER_ID) returned void
2021-03-28 04:23:28 [http-nio-8090-exec-1] [INFO ] log4jdbc.log4j2 - 1. ResultSet.getString(UPD_DATE) returned void
2021-03-28 04:23:28 [http-nio-8090-exec-1] [INFO ] log4jdbc.log4j2 - 1. ResultSet.isClosed() returned false
2021-03-28 04:23:28 [http-nio-8090-exec-1] [INFO ] log4jdbc.log4j2 - 1. ResultSet.next() returned true
2021-03-28 04:23:28 [http-nio-8090-exec-1] [INFO ] log4jdbc.log4j2 - 1. ResultSet.getInt(BOARD_SEQ) returned 5
2021-03-28 04:23:28 [http-nio-8090-exec-1] [INFO ] log4jdbc.log4j2 - 1. ResultSet.getInt(BOARD_RE_REF) returned 0
2021-03-28 04:23:28 [http-nio-8090-exec-1] [INFO ] log4jdbc.log4j2 - 1. ResultSet.wasNull() returned false
2021-03-28 04:23:28 [http-nio-8090-exec-1] [INFO ] log4jdbc.log4j2 - 1. ResultSet.getInt(BOARD_RE_LEV) returned 0
2021-03-28 04:23:28 [http-nio-8090-exec-1] [INFO ] log4jdbc.log4j2 - 1. ResultSet.wasNull() returned false
2021-03-28 04:23:28 [http-nio-8090-exec-1] [INFO ] log4jdbc.log4j2 - 1. ResultSet.getInt(BOARD_RE_SEQ) returned 0
2021-03-28 04:23:28 [http-nio-8090-exec-1] [INFO ] log4jdbc.log4j2 - 1. ResultSet.wasNull() returned false
2021-03-28 04:23:28 [http-nio-8090-exec-1] [INFO ] log4jdbc.log4j2 - 1. ResultSet.getString(BOARD_WRITER) returned 게시글 작성자5
2021-03-28 04:23:28 [http-nio-8090-exec-1] [INFO ] log4jdbc.log4j2 - 1. ResultSet.getString(BOARD_SUBJECT) returned 게시글 제목5
2021-03-28 04:23:28 [http-nio-8090-exec-1] [INFO ] log4jdbc.log4j2 - 1. ResultSet.getString(BOARD_CONTENT) returned 게시글 내용5
2021-03-28 04:23:28 [http-nio-8090-exec-1] [INFO ] log4jdbc.log4j2 - 1. ResultSet.getInt(BOARD_HITS) returned 0
2021-03-28 04:23:28 [http-nio-8090-exec-1] [INFO ] log4jdbc.log4j2 - 1. ResultSet.wasNull() returned false
2021-03-28 04:23:28 [http-nio-8090-exec-1] [INFO ] log4jdbc.log4j2 - 1. ResultSet.getString(DEL_YN) returned N
2021-03-28 04:23:28 [http-nio-8090-exec-1] [INFO ] log4jdbc.log4j2 - 1. ResultSet.getString(INS_USER_ID) returned TEST05
2021-03-28 04:23:28 [http-nio-8090-exec-1] [INFO ] log4jdbc.log4j2 - 1. ResultSet.getString(INS_DATE) returned 2021-03-28 02:27:05
2021-03-28 04:23:28 [http-nio-8090-exec-1] [INFO ] log4jdbc.log4j2 - 1. ResultSet.getString(UPD_USER_ID) returned void
2021-03-28 04:23:28 [http-nio-8090-exec-1] [INFO ] log4jdbc.log4j2 - 1. ResultSet.getString(UPD_DATE) returned void
2021-03-28 04:23:28 [http-nio-8090-exec-1] [INFO ] log4jdbc.log4j2 - 1. ResultSet.isClosed() returned false
2021-03-28 04:23:28 [http-nio-8090-exec-1] [INFO ] log4jdbc.log4j2 - 
|----------|-------------|-------------|-------------|-------------|--------------|--------------|-----------|-------|------------|--------------------|------------|---------|
|board_seq |board_re_ref |board_re_lev |board_re_seq |board_writer |board_subject |board_content |board_hits |del_yn |ins_user_id |ins_date            |upd_user_id |upd_date |
|----------|-------------|-------------|-------------|-------------|--------------|--------------|-----------|-------|------------|--------------------|------------|---------|
|1         |0            |0            |0            |게시글 작성자1     |게시글 제목1       |게시글 내용1       |0          |N      |TEST01      |2021-03-28 02:27:01 |null        |null     |
|2         |0            |0            |0            |게시글 작성자2     |게시글 제목2       |게시글 내용2       |0          |N      |TEST02      |2021-03-28 02:27:02 |null        |null     |
|3         |0            |0            |0            |게시글 작성자3     |게시글 제목3       |게시글 내용3       |0          |N      |TEST03      |2021-03-28 02:27:03 |null        |null     |
|4         |0            |0            |0            |게시글 작성자4     |게시글 제목4       |게시글 내용4       |0          |N      |TEST04      |2021-03-28 02:27:04 |null        |null     |
|5         |0            |0            |0            |게시글 작성자5     |게시글 제목5       |게시글 내용5       |0          |N      |TEST05      |2021-03-28 02:27:05 |null        |null     |
|----------|-------------|-------------|-------------|-------------|--------------|--------------|-----------|-------|------------|--------------------|------------|---------|

2021-03-28 04:23:28 [http-nio-8090-exec-1] [INFO ] log4jdbc.log4j2 - 1. ResultSet.next() returned false
2021-03-28 04:23:28 [http-nio-8090-exec-1] [INFO ] log4jdbc.log4j2 - 1. ResultSet.close() returned void
2021-03-28 04:23:28 [http-nio-8090-exec-1] [INFO ] log4jdbc.log4j2 - 1. Connection.getMetaData() returned com.mysql.cj.jdbc.DatabaseMetaDataUsingInfoSchema@40f4c956
2021-03-28 04:23:28 [http-nio-8090-exec-1] [INFO ] log4jdbc.log4j2 - 1. PreparedStatement.getMoreResults() returned false
2021-03-28 04:23:28 [http-nio-8090-exec-1] [INFO ] log4jdbc.log4j2 - 1. PreparedStatement.getUpdateCount() returned -1
2021-03-28 04:23:28 [http-nio-8090-exec-1] [INFO ] log4jdbc.log4j2 - 1. PreparedStatement.close() returned 
2021-03-28 04:23:28 [http-nio-8090-exec-1] [INFO ] log4jdbc.log4j2 - 1. Connection.clearWarnings() returned 
2021-03-28 04:23:28 [HikariPool-1 connection adder] [INFO ] log4jdbc.log4j2 - 2. Connection opened. {executed in 3ms} 
2021-03-28 04:23:28 [HikariPool-1 connection adder] [INFO ] log4jdbc.log4j2 - 2. Connection.new Connection returned 
2021-03-28 04:23:28 [HikariPool-1 connection adder] [INFO ] log4jdbc.log4j2 - 2. Connection.isReadOnly() returned false
2021-03-28 04:23:28 [HikariPool-1 connection adder] [INFO ] log4jdbc.log4j2 - 2. Connection.getAutoCommit() returned true
2021-03-28 04:23:28 [HikariPool-1 connection adder] [INFO ] log4jdbc.log4j2 - 3. Connection opened. {executed in 3ms} 
2021-03-28 04:23:28 [HikariPool-1 connection adder] [INFO ] log4jdbc.log4j2 - 3. Connection.new Connection returned 
2021-03-28 04:23:28 [HikariPool-1 connection adder] [INFO ] log4jdbc.log4j2 - 3. Connection.isReadOnly() returned false
2021-03-28 04:23:28 [HikariPool-1 connection adder] [INFO ] log4jdbc.log4j2 - 3. Connection.getAutoCommit() returned true
2021-03-28 04:23:28 [HikariPool-1 connection adder] [INFO ] log4jdbc.log4j2 - 4. Connection opened. {executed in 2ms} 
2021-03-28 04:23:28 [HikariPool-1 connection adder] [INFO ] log4jdbc.log4j2 - 4. Connection.new Connection returned 
2021-03-28 04:23:28 [HikariPool-1 connection adder] [INFO ] log4jdbc.log4j2 - 4. Connection.isReadOnly() returned false
2021-03-28 04:23:28 [HikariPool-1 connection adder] [INFO ] log4jdbc.log4j2 - 4. Connection.getAutoCommit() returned true
2021-03-28 04:23:28 [HikariPool-1 connection adder] [INFO ] log4jdbc.log4j2 - 5. Connection opened. {executed in 3ms} 
2021-03-28 04:23:28 [HikariPool-1 connection adder] [INFO ] log4jdbc.log4j2 - 5. Connection.new Connection returned 
2021-03-28 04:23:28 [HikariPool-1 connection adder] [INFO ] log4jdbc.log4j2 - 5. Connection.isReadOnly() returned false
2021-03-28 04:23:28 [HikariPool-1 connection adder] [INFO ] log4jdbc.log4j2 - 5. Connection.getAutoCommit() returned true
2021-03-28 04:23:28 [HikariPool-1 connection adder] [INFO ] log4jdbc.log4j2 - 6. Connection opened. {executed in 3ms} 
2021-03-28 04:23:28 [HikariPool-1 connection adder] [INFO ] log4jdbc.log4j2 - 6. Connection.new Connection returned 
2021-03-28 04:23:28 [HikariPool-1 connection adder] [INFO ] log4jdbc.log4j2 - 6. Connection.isReadOnly() returned false
2021-03-28 04:23:28 [HikariPool-1 connection adder] [INFO ] log4jdbc.log4j2 - 6. Connection.getAutoCommit() returned true
2021-03-28 04:23:28 [HikariPool-1 connection adder] [INFO ] log4jdbc.log4j2 - 7. Connection opened. {executed in 2ms} 
2021-03-28 04:23:28 [HikariPool-1 connection adder] [INFO ] log4jdbc.log4j2 - 7. Connection.new Connection returned 
2021-03-28 04:23:28 [HikariPool-1 connection adder] [INFO ] log4jdbc.log4j2 - 7. Connection.isReadOnly() returned false
2021-03-28 04:23:28 [HikariPool-1 connection adder] [INFO ] log4jdbc.log4j2 - 7. Connection.getAutoCommit() returned true
2021-03-28 04:23:28 [HikariPool-1 connection adder] [INFO ] log4jdbc.log4j2 - 8. Connection opened. {executed in 2ms} 
2021-03-28 04:23:28 [HikariPool-1 connection adder] [INFO ] log4jdbc.log4j2 - 8. Connection.new Connection returned 
2021-03-28 04:23:28 [HikariPool-1 connection adder] [INFO ] log4jdbc.log4j2 - 8. Connection.isReadOnly() returned false
2021-03-28 04:23:28 [HikariPool-1 connection adder] [INFO ] log4jdbc.log4j2 - 8. Connection.getAutoCommit() returned true
2021-03-28 04:23:28 [HikariPool-1 connection adder] [INFO ] log4jdbc.log4j2 - 9. Connection opened. {executed in 3ms} 
2021-03-28 04:23:28 [HikariPool-1 connection adder] [INFO ] log4jdbc.log4j2 - 9. Connection.new Connection returned 
2021-03-28 04:23:28 [HikariPool-1 connection adder] [INFO ] log4jdbc.log4j2 - 9. Connection.isReadOnly() returned false
2021-03-28 04:23:28 [HikariPool-1 connection adder] [INFO ] log4jdbc.log4j2 - 9. Connection.getAutoCommit() returned true
2021-03-28 04:23:28 [HikariPool-1 connection adder] [INFO ] log4jdbc.log4j2 - 10. Connection opened. {executed in 3ms} 
2021-03-28 04:23:28 [HikariPool-1 connection adder] [INFO ] log4jdbc.log4j2 - 10. Connection.new Connection returned 
2021-03-28 04:23:28 [HikariPool-1 connection adder] [INFO ] log4jdbc.log4j2 - 10. Connection.isReadOnly() returned false
2021-03-28 04:23:28 [HikariPool-1 connection adder] [INFO ] log4jdbc.log4j2 - 10. Connection.getAutoCommit() returned true
2021-03-28 04:52:48 [HikariPool-1 connection adder] [INFO ] log4jdbc.log4j2 - 11. Connection opened. {executed in 3ms} 
2021-03-28 04:52:48 [HikariPool-1 connection adder] [INFO ] log4jdbc.log4j2 - 11. Connection.new Connection returned 
2021-03-28 04:52:48 [HikariPool-1 connection adder] [INFO ] log4jdbc.log4j2 - 11. Connection.isReadOnly() returned false
2021-03-28 04:52:48 [HikariPool-1 connection adder] [INFO ] log4jdbc.log4j2 - 11. Connection.getAutoCommit() returned true
2021-03-28 04:52:48 [HikariPool-1 connection closer] [INFO ] log4jdbc.log4j2 - 2. Connection closed. {executed in 6ms} 
2021-03-28 04:52:48 [HikariPool-1 connection closer] [INFO ] log4jdbc.log4j2 - 2. Connection.close() returned 
2021-03-28 04:52:49 [HikariPool-1 connection closer] [INFO ] log4jdbc.log4j2 - 9. Connection closed. {executed in 0ms} 
2021-03-28 04:52:49 [HikariPool-1 connection closer] [INFO ] log4jdbc.log4j2 - 9. Connection.close() returned 
2021-03-28 04:52:49 [HikariPool-1 connection adder] [INFO ] log4jdbc.log4j2 - 12. Connection opened. {executed in 3ms} 
2021-03-28 04:52:49 [HikariPool-1 connection adder] [INFO ] log4jdbc.log4j2 - 12. Connection.new Connection returned 
2021-03-28 04:52:49 [HikariPool-1 connection adder] [INFO ] log4jdbc.log4j2 - 12. Connection.isReadOnly() returned false
2021-03-28 04:52:49 [HikariPool-1 connection adder] [INFO ] log4jdbc.log4j2 - 12. Connection.getAutoCommit() returned true
2021-03-28 04:52:54 [HikariPool-1 connection closer] [INFO ] log4jdbc.log4j2 - 8. Connection closed. {executed in 0ms} 
2021-03-28 04:52:54 [HikariPool-1 connection closer] [INFO ] log4jdbc.log4j2 - 8. Connection.close() returned 
2021-03-28 04:52:54 [HikariPool-1 connection adder] [INFO ] log4jdbc.log4j2 - 13. Connection opened. {executed in 3ms} 
2021-03-28 04:52:54 [HikariPool-1 connection adder] [INFO ] log4jdbc.log4j2 - 13. Connection.new Connection returned 
2021-03-28 04:52:54 [HikariPool-1 connection adder] [INFO ] log4jdbc.log4j2 - 13. Connection.isReadOnly() returned false
2021-03-28 04:52:54 [HikariPool-1 connection adder] [INFO ] log4jdbc.log4j2 - 13. Connection.getAutoCommit() returned true
2021-03-28 04:52:57 [HikariPool-1 connection closer] [INFO ] log4jdbc.log4j2 - 7. Connection closed. {executed in 1ms} 
2021-03-28 04:52:57 [HikariPool-1 connection closer] [INFO ] log4jdbc.log4j2 - 7. Connection.close() returned 
2021-03-28 04:52:57 [HikariPool-1 connection adder] [INFO ] log4jdbc.log4j2 - 14. Connection opened. {executed in 4ms} 
2021-03-28 04:52:57 [HikariPool-1 connection adder] [INFO ] log4jdbc.log4j2 - 14. Connection.new Connection returned 
2021-03-28 04:52:57 [HikariPool-1 connection adder] [INFO ] log4jdbc.log4j2 - 14. Connection.isReadOnly() returned false
2021-03-28 04:52:57 [HikariPool-1 connection adder] [INFO ] log4jdbc.log4j2 - 14. Connection.getAutoCommit() returned true
2021-03-28 04:53:01 [HikariPool-1 connection closer] [INFO ] log4jdbc.log4j2 - 4. Connection closed. {executed in 0ms} 
2021-03-28 04:53:01 [HikariPool-1 connection closer] [INFO ] log4jdbc.log4j2 - 4. Connection.close() returned 
2021-03-28 04:53:01 [HikariPool-1 connection adder] [INFO ] log4jdbc.log4j2 - 15. Connection opened. {executed in 3ms} 
2021-03-28 04:53:01 [HikariPool-1 connection adder] [INFO ] log4jdbc.log4j2 - 15. Connection.new Connection returned 
2021-03-28 04:53:01 [HikariPool-1 connection adder] [INFO ] log4jdbc.log4j2 - 15. Connection.isReadOnly() returned false
2021-03-28 04:53:01 [HikariPool-1 connection adder] [INFO ] log4jdbc.log4j2 - 15. Connection.getAutoCommit() returned true
2021-03-28 04:53:04 [HikariPool-1 connection closer] [INFO ] log4jdbc.log4j2 - 5. Connection closed. {executed in 0ms} 
2021-03-28 04:53:04 [HikariPool-1 connection closer] [INFO ] log4jdbc.log4j2 - 5. Connection.close() returned 
2021-03-28 04:53:04 [HikariPool-1 connection adder] [INFO ] log4jdbc.log4j2 - 16. Connection opened. {executed in 4ms} 
2021-03-28 04:53:04 [HikariPool-1 connection adder] [INFO ] log4jdbc.log4j2 - 16. Connection.new Connection returned 
2021-03-28 04:53:04 [HikariPool-1 connection adder] [INFO ] log4jdbc.log4j2 - 16. Connection.isReadOnly() returned false
2021-03-28 04:53:04 [HikariPool-1 connection adder] [INFO ] log4jdbc.log4j2 - 16. Connection.getAutoCommit() returned true
2021-03-28 04:53:05 [HikariPool-1 connection closer] [INFO ] log4jdbc.log4j2 - 10. Connection closed. {executed in 1ms} 
2021-03-28 04:53:05 [HikariPool-1 connection closer] [INFO ] log4jdbc.log4j2 - 10. Connection.close() returned 
2021-03-28 04:53:05 [HikariPool-1 connection adder] [INFO ] log4jdbc.log4j2 - 17. Connection opened. {executed in 4ms} 
2021-03-28 04:53:05 [HikariPool-1 connection adder] [INFO ] log4jdbc.log4j2 - 17. Connection.new Connection returned 
2021-03-28 04:53:05 [HikariPool-1 connection adder] [INFO ] log4jdbc.log4j2 - 17. Connection.isReadOnly() returned false
2021-03-28 04:53:05 [HikariPool-1 connection adder] [INFO ] log4jdbc.log4j2 - 17. Connection.getAutoCommit() returned true
2021-03-28 04:53:11 [HikariPool-1 connection closer] [INFO ] log4jdbc.log4j2 - 1. Connection closed. {executed in 1ms} 
2021-03-28 04:53:11 [HikariPool-1 connection closer] [INFO ] log4jdbc.log4j2 - 1. Connection.close() returned 
2021-03-28 04:53:11 [HikariPool-1 connection adder] [INFO ] log4jdbc.log4j2 - 18. Connection opened. {executed in 3ms} 
2021-03-28 04:53:11 [HikariPool-1 connection adder] [INFO ] log4jdbc.log4j2 - 18. Connection.new Connection returned 
2021-03-28 04:53:11 [HikariPool-1 connection adder] [INFO ] log4jdbc.log4j2 - 18. Connection.isReadOnly() returned false
2021-03-28 04:53:11 [HikariPool-1 connection adder] [INFO ] log4jdbc.log4j2 - 18. Connection.getAutoCommit() returned true
2021-03-28 04:53:16 [HikariPool-1 connection closer] [INFO ] log4jdbc.log4j2 - 6. Connection closed. {executed in 1ms} 
2021-03-28 04:53:16 [HikariPool-1 connection closer] [INFO ] log4jdbc.log4j2 - 6. Connection.close() returned 
2021-03-28 04:53:16 [HikariPool-1 connection adder] [INFO ] log4jdbc.log4j2 - 19. Connection opened. {executed in 4ms} 
2021-03-28 04:53:16 [HikariPool-1 connection adder] [INFO ] log4jdbc.log4j2 - 19. Connection.new Connection returned 
2021-03-28 04:53:16 [HikariPool-1 connection adder] [INFO ] log4jdbc.log4j2 - 19. Connection.isReadOnly() returned false
2021-03-28 04:53:16 [HikariPool-1 connection adder] [INFO ] log4jdbc.log4j2 - 19. Connection.getAutoCommit() returned true
2021-03-28 04:53:23 [HikariPool-1 connection closer] [INFO ] log4jdbc.log4j2 - 3. Connection closed. {executed in 1ms} 
2021-03-28 04:53:23 [HikariPool-1 connection closer] [INFO ] log4jdbc.log4j2 - 3. Connection.close() returned 
2021-03-28 04:53:23 [HikariPool-1 connection adder] [INFO ] log4jdbc.log4j2 - 20. Connection opened. {executed in 5ms} 
2021-03-28 04:53:23 [HikariPool-1 connection adder] [INFO ] log4jdbc.log4j2 - 20. Connection.new Connection returned 
2021-03-28 04:53:23 [HikariPool-1 connection adder] [INFO ] log4jdbc.log4j2 - 20. Connection.isReadOnly() returned false
2021-03-28 04:53:23 [HikariPool-1 connection adder] [INFO ] log4jdbc.log4j2 - 20. Connection.getAutoCommit() returned true
2021-03-28 05:17:29 [HikariPool-1 housekeeper] [WARN ] com.zaxxer.hikari.pool.HikariPool - HikariPool-1 - Thread starvation or clock leap detected (housekeeper delta=1m549ms).
2021-03-28 05:19:19 [HikariPool-1 housekeeper] [WARN ] com.zaxxer.hikari.pool.HikariPool - HikariPool-1 - Thread starvation or clock leap detected (housekeeper delta=1m50s616ms).
2021-03-28 05:46:39 [HikariPool-1 housekeeper] [WARN ] com.zaxxer.hikari.pool.HikariPool - HikariPool-1 - Thread starvation or clock leap detected (housekeeper delta=26m49s402ms).
2021-03-28 06:04:33 [HikariPool-1 housekeeper] [WARN ] com.zaxxer.hikari.pool.HikariPool - HikariPool-1 - Thread starvation or clock leap detected (housekeeper delta=17m23s817ms).
2021-03-28 07:36:46 [HikariPool-1 housekeeper] [WARN ] com.zaxxer.hikari.pool.HikariPool - HikariPool-1 - Thread starvation or clock leap detected (housekeeper delta=1h31m43s808ms).
2021-03-28 07:41:55 [HikariPool-1 housekeeper] [WARN ] com.zaxxer.hikari.pool.HikariPool - HikariPool-1 - Thread starvation or clock leap detected (housekeeper delta=5m8s806ms).
2021-03-28 09:25:12 [HikariPool-1 housekeeper] [WARN ] com.zaxxer.hikari.pool.HikariPool - HikariPool-1 - Thread starvation or clock leap detected (housekeeper delta=1h42m46s513ms).
2021-03-28 09:25:31 [HikariPool-1 connection closer] [INFO ] log4jdbc.log4j2 - 12. Connection closed. {executed in 0ms} 
2021-03-28 09:25:31 [HikariPool-1 connection closer] [INFO ] log4jdbc.log4j2 - 12. Connection.close() returned 
2021-03-28 09:25:31 [HikariPool-1 connection adder] [INFO ] log4jdbc.log4j2 - 21. Connection opened. {executed in 8ms} 
2021-03-28 09:25:31 [HikariPool-1 connection adder] [INFO ] log4jdbc.log4j2 - 21. Connection.new Connection returned 
2021-03-28 09:25:31 [HikariPool-1 connection adder] [INFO ] log4jdbc.log4j2 - 21. Connection.isReadOnly() returned false
2021-03-28 09:25:31 [HikariPool-1 connection adder] [INFO ] log4jdbc.log4j2 - 21. Connection.getAutoCommit() returned true
2021-03-28 09:25:34 [HikariPool-1 connection closer] [INFO ] log4jdbc.log4j2 - 17. Connection closed. {executed in 0ms} 
2021-03-28 09:25:34 [HikariPool-1 connection closer] [INFO ] log4jdbc.log4j2 - 17. Connection.close() returned 
2021-03-28 09:25:34 [HikariPool-1 connection adder] [INFO ] log4jdbc.log4j2 - 22. Connection opened. {executed in 6ms} 
2021-03-28 09:25:34 [HikariPool-1 connection adder] [INFO ] log4jdbc.log4j2 - 22. Connection.new Connection returned 
2021-03-28 09:25:34 [HikariPool-1 connection adder] [INFO ] log4jdbc.log4j2 - 22. Connection.isReadOnly() returned false
2021-03-28 09:25:34 [HikariPool-1 connection adder] [INFO ] log4jdbc.log4j2 - 22. Connection.getAutoCommit() returned true
2021-03-28 09:25:45 [HikariPool-1 connection closer] [INFO ] log4jdbc.log4j2 - 14. Connection closed. {executed in 1ms} 
2021-03-28 09:25:45 [HikariPool-1 connection closer] [INFO ] log4jdbc.log4j2 - 14. Connection.close() returned 
2021-03-28 09:25:45 [HikariPool-1 connection adder] [INFO ] log4jdbc.log4j2 - 23. Connection opened. {executed in 6ms} 
2021-03-28 09:25:45 [HikariPool-1 connection adder] [INFO ] log4jdbc.log4j2 - 23. Connection.new Connection returned 
2021-03-28 09:25:45 [HikariPool-1 connection adder] [INFO ] log4jdbc.log4j2 - 23. Connection.isReadOnly() returned false
2021-03-28 09:25:45 [HikariPool-1 connection adder] [INFO ] log4jdbc.log4j2 - 23. Connection.getAutoCommit() returned true
2021-03-28 09:25:45 [HikariPool-1 connection closer] [INFO ] log4jdbc.log4j2 - 15. Connection closed. {executed in 1ms} 
2021-03-28 09:25:45 [HikariPool-1 connection closer] [INFO ] log4jdbc.log4j2 - 15. Connection.close() returned 
2021-03-28 09:25:45 [HikariPool-1 connection adder] [INFO ] log4jdbc.log4j2 - 24. Connection opened. {executed in 7ms} 
2021-03-28 09:25:45 [HikariPool-1 connection adder] [INFO ] log4jdbc.log4j2 - 24. Connection.new Connection returned 
2021-03-28 09:25:45 [HikariPool-1 connection adder] [INFO ] log4jdbc.log4j2 - 24. Connection.isReadOnly() returned false
2021-03-28 09:25:45 [HikariPool-1 connection adder] [INFO ] log4jdbc.log4j2 - 24. Connection.getAutoCommit() returned true
2021-03-28 09:25:45 [HikariPool-1 connection closer] [INFO ] log4jdbc.log4j2 - 11. Connection closed. {executed in 0ms} 
2021-03-28 09:25:45 [HikariPool-1 connection closer] [INFO ] log4jdbc.log4j2 - 11. Connection.close() returned 
2021-03-28 09:25:45 [HikariPool-1 connection adder] [INFO ] log4jdbc.log4j2 - 25. Connection opened. {executed in 6ms} 
2021-03-28 09:25:45 [HikariPool-1 connection adder] [INFO ] log4jdbc.log4j2 - 25. Connection.new Connection returned 
2021-03-28 09:25:45 [HikariPool-1 connection adder] [INFO ] log4jdbc.log4j2 - 25. Connection.isReadOnly() returned false
2021-03-28 09:25:45 [HikariPool-1 connection adder] [INFO ] log4jdbc.log4j2 - 25. Connection.getAutoCommit() returned true
2021-03-28 09:25:51 [HikariPool-1 connection closer] [INFO ] log4jdbc.log4j2 - 19. Connection closed. {executed in 1ms} 
2021-03-28 09:25:51 [HikariPool-1 connection closer] [INFO ] log4jdbc.log4j2 - 19. Connection.close() returned 
2021-03-28 09:25:51 [HikariPool-1 connection adder] [INFO ] log4jdbc.log4j2 - 26. Connection opened. {executed in 9ms} 
2021-03-28 09:25:51 [HikariPool-1 connection adder] [INFO ] log4jdbc.log4j2 - 26. Connection.new Connection returned 
2021-03-28 09:25:51 [HikariPool-1 connection adder] [INFO ] log4jdbc.log4j2 - 26. Connection.isReadOnly() returned false
2021-03-28 09:25:51 [HikariPool-1 connection adder] [INFO ] log4jdbc.log4j2 - 26. Connection.getAutoCommit() returned true
2021-03-28 09:25:54 [HikariPool-1 connection closer] [INFO ] log4jdbc.log4j2 - 18. Connection closed. {executed in 1ms} 
2021-03-28 09:25:54 [HikariPool-1 connection closer] [INFO ] log4jdbc.log4j2 - 18. Connection.close() returned 
2021-03-28 09:25:54 [HikariPool-1 connection adder] [INFO ] log4jdbc.log4j2 - 27. Connection opened. {executed in 6ms} 
2021-03-28 09:25:54 [HikariPool-1 connection adder] [INFO ] log4jdbc.log4j2 - 27. Connection.new Connection returned 
2021-03-28 09:25:54 [HikariPool-1 connection adder] [INFO ] log4jdbc.log4j2 - 27. Connection.isReadOnly() returned false
2021-03-28 09:25:54 [HikariPool-1 connection adder] [INFO ] log4jdbc.log4j2 - 27. Connection.getAutoCommit() returned true
2021-03-28 11:13:11 [HikariPool-1 connection closer] [INFO ] log4jdbc.log4j2 - 20. Connection closed. {executed in 0ms} 
2021-03-28 11:13:11 [HikariPool-1 connection closer] [INFO ] log4jdbc.log4j2 - 20. Connection.close() returned 
2021-03-28 11:13:11 [HikariPool-1 connection adder] [INFO ] log4jdbc.log4j2 - 28. Connection opened. {executed in 3ms} 
2021-03-28 11:13:11 [HikariPool-1 connection adder] [INFO ] log4jdbc.log4j2 - 28. Connection.new Connection returned 
2021-03-28 11:13:11 [HikariPool-1 connection adder] [INFO ] log4jdbc.log4j2 - 28. Connection.isReadOnly() returned false
2021-03-28 11:13:11 [HikariPool-1 connection adder] [INFO ] log4jdbc.log4j2 - 28. Connection.getAutoCommit() returned true
2021-03-28 11:13:14 [HikariPool-1 connection closer] [INFO ] log4jdbc.log4j2 - 13. Connection closed. {executed in 0ms} 
2021-03-28 11:13:14 [HikariPool-1 connection closer] [INFO ] log4jdbc.log4j2 - 13. Connection.close() returned 
2021-03-28 11:13:14 [HikariPool-1 connection adder] [INFO ] log4jdbc.log4j2 - 29. Connection opened. {executed in 3ms} 
2021-03-28 11:13:14 [HikariPool-1 connection adder] [INFO ] log4jdbc.log4j2 - 29. Connection.new Connection returned 
2021-03-28 11:13:14 [HikariPool-1 connection adder] [INFO ] log4jdbc.log4j2 - 29. Connection.isReadOnly() returned false
2021-03-28 11:13:14 [HikariPool-1 connection adder] [INFO ] log4jdbc.log4j2 - 29. Connection.getAutoCommit() returned true
2021-03-28 11:13:20 [HikariPool-1 connection closer] [INFO ] log4jdbc.log4j2 - 16. Connection closed. {executed in 0ms} 
2021-03-28 11:13:20 [HikariPool-1 connection closer] [INFO ] log4jdbc.log4j2 - 16. Connection.close() returned 
2021-03-28 11:13:20 [HikariPool-1 connection adder] [INFO ] log4jdbc.log4j2 - 30. Connection opened. {executed in 7ms} 
2021-03-28 11:13:20 [HikariPool-1 connection adder] [INFO ] log4jdbc.log4j2 - 30. Connection.new Connection returned 
2021-03-28 11:13:20 [HikariPool-1 connection adder] [INFO ] log4jdbc.log4j2 - 30. Connection.isReadOnly() returned false
2021-03-28 11:13:20 [HikariPool-1 connection adder] [INFO ] log4jdbc.log4j2 - 30. Connection.getAutoCommit() returned true
2021-03-28 11:13:25 [HikariPool-1 housekeeper] [WARN ] com.zaxxer.hikari.pool.HikariPool - HikariPool-1 - Thread starvation or clock leap detected (housekeeper delta=1h47m43s585ms).
2021-03-28 13:01:40 [HikariPool-1 housekeeper] [WARN ] com.zaxxer.hikari.pool.HikariPool - HikariPool-1 - Thread starvation or clock leap detected (housekeeper delta=1h47m44s606ms).
2021-03-28 14:08:59 [HikariPool-1 housekeeper] [WARN ] com.zaxxer.hikari.pool.HikariPool - HikariPool-1 - Thread starvation or clock leap detected (housekeeper delta=1h6m49s585ms).
2021-03-28 15:20:27 [HikariPool-1 housekeeper] [WARN ] com.zaxxer.hikari.pool.HikariPool - HikariPool-1 - Thread starvation or clock leap detected (housekeeper delta=1h11m27s175ms).
2021-03-28 15:20:55 [HikariPool-1 housekeeper] [WARN ] com.zaxxer.hikari.pool.HikariPool - HikariPool-1 - Retrograde clock change detected (housekeeper delta=28s202ms), soft-evicting connections from pool.
2021-03-28 15:20:55 [HikariPool-1 connection closer] [INFO ] log4jdbc.log4j2 - 21. Connection closed. {executed in 0ms} 
2021-03-28 15:20:55 [HikariPool-1 connection closer] [INFO ] log4jdbc.log4j2 - 21. Connection.close() returned 
2021-03-28 15:20:55 [HikariPool-1 connection closer] [INFO ] log4jdbc.log4j2 - 22. Connection closed. {executed in 0ms} 
2021-03-28 15:20:55 [HikariPool-1 connection closer] [INFO ] log4jdbc.log4j2 - 22. Connection.close() returned 
2021-03-28 15:20:55 [HikariPool-1 connection closer] [INFO ] log4jdbc.log4j2 - 23. Connection closed. {executed in 0ms} 
2021-03-28 15:20:55 [HikariPool-1 connection closer] [INFO ] log4jdbc.log4j2 - 23. Connection.close() returned 
2021-03-28 15:20:55 [HikariPool-1 connection closer] [INFO ] log4jdbc.log4j2 - 24. Connection closed. {executed in 0ms} 
2021-03-28 15:20:55 [HikariPool-1 connection closer] [INFO ] log4jdbc.log4j2 - 24. Connection.close() returned 
2021-03-28 15:20:55 [HikariPool-1 connection closer] [INFO ] log4jdbc.log4j2 - 25. Connection closed. {executed in 0ms} 
2021-03-28 15:20:55 [HikariPool-1 connection closer] [INFO ] log4jdbc.log4j2 - 25. Connection.close() returned 
2021-03-28 15:20:55 [HikariPool-1 connection closer] [INFO ] log4jdbc.log4j2 - 26. Connection closed. {executed in 0ms} 
2021-03-28 15:20:55 [HikariPool-1 connection closer] [INFO ] log4jdbc.log4j2 - 26. Connection.close() returned 
2021-03-28 15:20:55 [HikariPool-1 connection closer] [INFO ] log4jdbc.log4j2 - 27. Connection closed. {executed in 0ms} 
2021-03-28 15:20:55 [HikariPool-1 connection closer] [INFO ] log4jdbc.log4j2 - 27. Connection.close() returned 
2021-03-28 15:20:55 [HikariPool-1 connection closer] [INFO ] log4jdbc.log4j2 - 28. Connection closed. {executed in 0ms} 
2021-03-28 15:20:55 [HikariPool-1 connection closer] [INFO ] log4jdbc.log4j2 - 28. Connection.close() returned 
2021-03-28 15:20:55 [HikariPool-1 connection closer] [INFO ] log4jdbc.log4j2 - 29. Connection closed. {executed in 0ms} 
2021-03-28 15:20:55 [HikariPool-1 connection closer] [INFO ] log4jdbc.log4j2 - 29. Connection.close() returned 
2021-03-28 15:20:55 [HikariPool-1 connection closer] [INFO ] log4jdbc.log4j2 - 30. Connection closed. {executed in 0ms} 
2021-03-28 15:20:55 [HikariPool-1 connection closer] [INFO ] log4jdbc.log4j2 - 30. Connection.close() returned 
2021-03-28 15:20:55 [HikariPool-1 connection adder] [INFO ] log4jdbc.log4j2 - 31. Connection opened. {executed in 3ms} 
2021-03-28 15:20:55 [HikariPool-1 connection adder] [INFO ] log4jdbc.log4j2 - 31. Connection.new Connection returned 
2021-03-28 15:20:55 [HikariPool-1 connection adder] [INFO ] log4jdbc.log4j2 - 31. Connection.isReadOnly() returned false
2021-03-28 15:20:55 [HikariPool-1 connection adder] [INFO ] log4jdbc.log4j2 - 31. Connection.getAutoCommit() returned true
2021-03-28 15:20:55 [HikariPool-1 connection adder] [INFO ] log4jdbc.log4j2 - 32. Connection opened. {executed in 1ms} 
2021-03-28 15:20:55 [HikariPool-1 connection adder] [INFO ] log4jdbc.log4j2 - 32. Connection.new Connection returned 
2021-03-28 15:20:55 [HikariPool-1 connection adder] [INFO ] log4jdbc.log4j2 - 32. Connection.isReadOnly() returned false
2021-03-28 15:20:55 [HikariPool-1 connection adder] [INFO ] log4jdbc.log4j2 - 32. Connection.getAutoCommit() returned true
2021-03-28 15:20:55 [HikariPool-1 connection adder] [INFO ] log4jdbc.log4j2 - 33. Connection opened. {executed in 1ms} 
2021-03-28 15:20:55 [HikariPool-1 connection adder] [INFO ] log4jdbc.log4j2 - 33. Connection.new Connection returned 
2021-03-28 15:20:55 [HikariPool-1 connection adder] [INFO ] log4jdbc.log4j2 - 33. Connection.isReadOnly() returned false
2021-03-28 15:20:55 [HikariPool-1 connection adder] [INFO ] log4jdbc.log4j2 - 33. Connection.getAutoCommit() returned true
2021-03-28 15:20:55 [HikariPool-1 connection adder] [INFO ] log4jdbc.log4j2 - 34. Connection opened. {executed in 1ms} 
2021-03-28 15:20:55 [HikariPool-1 connection adder] [INFO ] log4jdbc.log4j2 - 34. Connection.new Connection returned 
2021-03-28 15:20:55 [HikariPool-1 connection adder] [INFO ] log4jdbc.log4j2 - 34. Connection.isReadOnly() returned false
2021-03-28 15:20:55 [HikariPool-1 connection adder] [INFO ] log4jdbc.log4j2 - 34. Connection.getAutoCommit() returned true
2021-03-28 15:20:55 [HikariPool-1 connection adder] [INFO ] log4jdbc.log4j2 - 35. Connection opened. {executed in 1ms} 
2021-03-28 15:20:55 [HikariPool-1 connection adder] [INFO ] log4jdbc.log4j2 - 35. Connection.new Connection returned 
2021-03-28 15:20:55 [HikariPool-1 connection adder] [INFO ] log4jdbc.log4j2 - 35. Connection.isReadOnly() returned false
2021-03-28 15:20:55 [HikariPool-1 connection adder] [INFO ] log4jdbc.log4j2 - 35. Connection.getAutoCommit() returned true
2021-03-28 15:20:55 [HikariPool-1 connection adder] [INFO ] log4jdbc.log4j2 - 36. Connection opened. {executed in 2ms} 
2021-03-28 15:20:55 [HikariPool-1 connection adder] [INFO ] log4jdbc.log4j2 - 36. Connection.new Connection returned 
2021-03-28 15:20:55 [HikariPool-1 connection adder] [INFO ] log4jdbc.log4j2 - 36. Connection.isReadOnly() returned false
2021-03-28 15:20:55 [HikariPool-1 connection adder] [INFO ] log4jdbc.log4j2 - 36. Connection.getAutoCommit() returned true
2021-03-28 15:20:55 [HikariPool-1 connection adder] [INFO ] log4jdbc.log4j2 - 37. Connection opened. {executed in 1ms} 
2021-03-28 15:20:55 [HikariPool-1 connection adder] [INFO ] log4jdbc.log4j2 - 37. Connection.new Connection returned 
2021-03-28 15:20:55 [HikariPool-1 connection adder] [INFO ] log4jdbc.log4j2 - 37. Connection.isReadOnly() returned false
2021-03-28 15:20:55 [HikariPool-1 connection adder] [INFO ] log4jdbc.log4j2 - 37. Connection.getAutoCommit() returned true
2021-03-28 15:20:55 [HikariPool-1 connection adder] [INFO ] log4jdbc.log4j2 - 38. Connection opened. {executed in 1ms} 
2021-03-28 15:20:55 [HikariPool-1 connection adder] [INFO ] log4jdbc.log4j2 - 38. Connection.new Connection returned 
2021-03-28 15:20:55 [HikariPool-1 connection adder] [INFO ] log4jdbc.log4j2 - 38. Connection.isReadOnly() returned false
2021-03-28 15:20:55 [HikariPool-1 connection adder] [INFO ] log4jdbc.log4j2 - 38. Connection.getAutoCommit() returned true
2021-03-28 15:20:55 [HikariPool-1 connection adder] [INFO ] log4jdbc.log4j2 - 39. Connection opened. {executed in 2ms} 
2021-03-28 15:20:55 [HikariPool-1 connection adder] [INFO ] log4jdbc.log4j2 - 39. Connection.new Connection returned 
2021-03-28 15:20:55 [HikariPool-1 connection adder] [INFO ] log4jdbc.log4j2 - 39. Connection.isReadOnly() returned false
2021-03-28 15:20:55 [HikariPool-1 connection adder] [INFO ] log4jdbc.log4j2 - 39. Connection.getAutoCommit() returned true
2021-03-28 15:20:55 [HikariPool-1 connection adder] [INFO ] log4jdbc.log4j2 - 40. Connection opened. {executed in 1ms} 
2021-03-28 15:20:55 [HikariPool-1 connection adder] [INFO ] log4jdbc.log4j2 - 40. Connection.new Connection returned 
2021-03-28 15:20:55 [HikariPool-1 connection adder] [INFO ] log4jdbc.log4j2 - 40. Connection.isReadOnly() returned false
2021-03-28 15:20:55 [HikariPool-1 connection adder] [INFO ] log4jdbc.log4j2 - 40. Connection.getAutoCommit() returned true
2021-03-28 18:58:16 [HikariPool-1 housekeeper] [WARN ] com.zaxxer.hikari.pool.HikariPool - HikariPool-1 - Thread starvation or clock leap detected (housekeeper delta=3h21m49s473ms).
2021-03-28 21:48:12 [HikariPool-1 housekeeper] [WARN ] com.zaxxer.hikari.pool.HikariPool - HikariPool-1 - Thread starvation or clock leap detected (housekeeper delta=2h49m55s825ms).
